1595602154540	mozrunner::runner	INFO	Running command: "/usr/bin/firefox" "-marionette" "-foreground" "-no-remote" "-profile" "/tmp/rust_mozprofileoao7P7"
JavaScript warning: moz-extension://cb3e19fa-a6bf-4b9d-aa1b-77fd81217198/lib/adblockplus.js, line 0: Successfully compiled asm.js code (total compilation time 2ms)
1595602157058	Marionette	INFO	Listening on port 38985
1595602157164	Marionette	WARN	TLS certificate errors will be ignored for this session
JavaScript error: moz-extension://cb3e19fa-a6bf-4b9d-aa1b-77fd81217198/lib/adblockplus.js, line 0: Error: frame.state is undefined
1595602162484	Marionette	INFO	Stopped listening on port 38985
JavaScript error: resource://gre/modules/ConduitsChild.jsm, line 108: Error: sendRemoveListener on closed conduit jid1-NIfFY2CA8fy1tg@jetpack.274877906947
1595602352352	mozrunner::runner	INFO	Running command: "/usr/bin/firefox" "-marionette" "-foreground" "-no-remote" "-profile" "/tmp/rust_mozprofileIX5hz1"
1595602354754	Marionette	INFO	Listening on port 35989
1595602354783	Marionette	WARN	TLS certificate errors will be ignored for this session
JavaScript warning: moz-extension://cb3e19fa-a6bf-4b9d-aa1b-77fd81217198/lib/adblockplus.js, line 0: Successfully compiled asm.js code (total compilation time 1ms)
JavaScript error: moz-extension://cb3e19fa-a6bf-4b9d-aa1b-77fd81217198/lib/adblockplus.js, line 0: Error: frame.state is undefined
1595602362740	Marionette	INFO	Stopped listening on port 35989
JavaScript error: resource://gre/modules/ConduitsChild.jsm, line 108: Error: sendRemoveListener on closed conduit jid1-NIfFY2CA8fy1tg@jetpack.274877906947
1595603272799	mozrunner::runner	INFO	Running command: "/usr/bin/firefox" "-marionette" "-foreground" "-no-remote" "-profile" "/tmp/rust_mozprofileHn64lr"
1595603275150	Marionette	INFO	Listening on port 43263
1595603275213	Marionette	WARN	TLS certificate errors will be ignored for this session
JavaScript warning: moz-extension://cb3e19fa-a6bf-4b9d-aa1b-77fd81217198/lib/adblockplus.js, line 0: Successfully compiled asm.js code (total compilation time 1ms)
JavaScript error: moz-extension://cb3e19fa-a6bf-4b9d-aa1b-77fd81217198/lib/adblockplus.js, line 0: Error: frame.state is undefined
1595603281919	Marionette	INFO	Stopped listening on port 43263
JavaScript error: resource://gre/modules/ConduitsChild.jsm, line 108: Error: sendRemoveListener on closed conduit jid1-NIfFY2CA8fy1tg@jetpack.274877906947
1595603327685	mozrunner::runner	INFO	Running command: "/usr/bin/firefox" "-marionette" "-foreground" "-no-remote" "-profile" "/tmp/rust_mozprofileMq8R94"
1595603330066	Marionette	INFO	Listening on port 34041
1595603330097	Marionette	WARN	TLS certificate errors will be ignored for this session
JavaScript warning: moz-extension://cb3e19fa-a6bf-4b9d-aa1b-77fd81217198/lib/adblockplus.js, line 0: Successfully compiled asm.js code (total compilation time 1ms)
JavaScript error: moz-extension://cb3e19fa-a6bf-4b9d-aa1b-77fd81217198/lib/adblockplus.js, line 0: Error: frame.state is undefined
1595603337530	Marionette	INFO	Stopped listening on port 34041
JavaScript error: resource://gre/modules/ConduitsChild.jsm, line 108: Error: sendRemoveListener on closed conduit jid1-NIfFY2CA8fy1tg@jetpack.274877906949
1595603356838	mozrunner::runner	INFO	Running command: "/usr/bin/firefox" "-marionette" "-foreground" "-no-remote" "-profile" "/tmp/rust_mozprofilePzg1ow"
1595603359238	Marionette	INFO	Listening on port 45377
1595603359268	Marionette	WARN	TLS certificate errors will be ignored for this session
JavaScript warning: moz-extension://cb3e19fa-a6bf-4b9d-aa1b-77fd81217198/lib/adblockplus.js, line 0: Successfully compiled asm.js code (total compilation time 2ms)
JavaScript error: moz-extension://cb3e19fa-a6bf-4b9d-aa1b-77fd81217198/lib/adblockplus.js, line 0: Error: frame.state is undefined
1595603365249	Marionette	INFO	Stopped listening on port 45377
JavaScript error: resource://gre/modules/ConduitsChild.jsm, line 108: Error: sendRemoveListener on closed conduit jid1-NIfFY2CA8fy1tg@jetpack.274877906947
1595603420346	mozrunner::runner	INFO	Running command: "/usr/bin/firefox" "-marionette" "-foreground" "-no-remote" "-profile" "/tmp/rust_mozprofileLs26Cy"
JavaScript warning: moz-extension://cb3e19fa-a6bf-4b9d-aa1b-77fd81217198/lib/adblockplus.js, line 0: Successfully compiled asm.js code (total compilation time 2ms)
1595603422847	Marionette	INFO	Listening on port 46543
1595603422863	Marionette	WARN	TLS certificate errors will be ignored for this session
JavaScript error: moz-extension://cb3e19fa-a6bf-4b9d-aa1b-77fd81217198/lib/adblockplus.js, line 0: Error: frame.state is undefined
1595603428968	Marionette	INFO	Stopped listening on port 46543
JavaScript error: resource://gre/modules/ConduitsChild.jsm, line 108: Error: sendRemoveListener on closed conduit jid1-NIfFY2CA8fy1tg@jetpack.274877906949
